[day 0] ── Основание сообщества: идентичности и специальности ──
[day 0] Анна — Фермер (разряд 3)  id=ade797dc6ac7…
[day 0] Борис — Пекарь (разряд 3)  id=fdf1dde117c5…
[day 0] Вера — Плотник (разряд 4)  id=964b373a1964…
[day 0] Глеб — Механик (разряд 2)  id=c0d5a4635478…
[day 0] Дарья — Врач (разряд 5)  id=ecb9577beb6f…
[day 2] пломба: Глеб заверил труд Вера (мебель)
[day 2] ── Дарья предлагает идею: «Построить общую мельницу» ──
[day 2] пледжи: Анна 20ч, Борис 15ч, Вера 10ч, Глеб 8ч(срочный); реакции +70; 1 копия
[day 3] пломба: Вера заверил труд Глеб (ремонт_техники)
[day 4] пломба: Глеб заверил труд Вера (мебель)
[day 6] пломба: Глеб заверил труд Вера (мебель)
[day 6] пломба: Анна заверил труд Глеб (ремонт_техники)
[day 7] merge: цепи Анна ⇄ Борис слиты (→ discovery)
[day 8] пломба: Глеб заверил труд Вера (мебель)
[day 9] пломба: Вера заверил труд Глеб (ремонт_техники)
[day 10] пломба: Глеб заверил труд Вера (мебель)
[day 12] пломба: Глеб заверил труд Вера (мебель)
[day 12] пломба: Анна заверил труд Глеб (ремонт_техники)
[day 14] пломба: Глеб заверил труд Вера (мебель)
[day 14] merge: цепи Борис ⇄ Вера слиты (→ discovery)
[day 15] пломба: Вера заверил труд Глеб (ремонт_техники)
[day 15] ── Глеб повышен: Механик разряд 2 → 3 (лестница разрядов, §2а) ──
[day 16] пломба: Глеб заверил труд Вера (мебель)
[day 18] пломба: Глеб заверил труд Вера (мебель)
[day 18] пломба: Анна заверил труд Глеб (ремонт_техники)
[day 18] ── Глеб строит механизм мельницы; спонсоры гасят пледжи ──
[day 18] пледжи погашены: Анна 20ч, Борис 15ч → Глебу; Вера отозвала 10ч; Глеб(8ч) истёк
[day 20] пломба: Глеб заверил труд Вера (мебель)
[day 21] пломба: Вера заверил труд Глеб (ремонт_техники)
[day 21] merge: цепи Вера ⇄ Глеб слиты (→ discovery)
[day 22] пломба: Глеб заверил труд Вера (мебель)
[day 24] пломба: Глеб заверил труд Вера (мебель)
[day 24] пломба: Анна заверил труд Глеб (ремонт_техники)
[day 26] пломба: Глеб заверил труд Вера (мебель)
[day 27] пломба: Вера заверил труд Глеб (ремонт_техники)
[day 28] пломба: Глеб заверил труд Вера (мебель)
[day 28] merge: цепи Глеб ⇄ Дарья слиты (→ discovery)
[day 30] ── Эпилог: Глеб подозревает компрометацию устройства → ротация ключа ──
[day 30] сертификат отзыва создан, проверен автономно и опубликован в склад (см. revoke.out)
